


ARM Macro Assembler    Page 1 


    1 00000000         ;/******************************************************
                       ***********************
    2 00000000         ; * @file:    cstartup.s
    3 00000000         ; * @purpose: CMSIS Cortex-M0plus Core Device Startup Fi
                       le for the
    4 00000000         ; *           MKL46Z4
    5 00000000         ; * @version: 2.2
    6 00000000         ; * @date:    2013-4-12
    7 00000000         ; *
    8 00000000         ; * Copyright: 1997 - 2013 Freescale Semiconductor, Inc.
                        All Rights Reserved.
    9 00000000         ;*
   10 00000000         ; *------- <<< Use Configuration Wizard in Context Menu 
                       >>> ------------------
   11 00000000         ; *
   12 00000000         ; ******************************************************
                       ***********************/
   13 00000000         
   14 00000000         
   15 00000000         ; <h> Stack Configuration
   16 00000000         ;   <o> Stack Size (in Bytes) <0x0-0xFFFFFFFF:8>
   17 00000000         ; </h>
   18 00000000         
   19 00000000 00000100 
                       Stack_Size
                               EQU              0x00000100
   20 00000000         
   21 00000000                 AREA             STACK, NOINIT, READWRITE, ALIGN
=3
   22 00000000         Stack_Mem
                               SPACE            Stack_Size
   23 00000100         __initial_sp
   24 00000100         
   25 00000100         
   26 00000100         ; <h> Heap Configuration
   27 00000100         ;   <o>  Heap Size (in Bytes) <0x0-0xFFFFFFFF:8>
   28 00000100         ; </h>
   29 00000100         
   30 00000100 00000000 
                       Heap_Size
                               EQU              0x00000000
   31 00000100         
   32 00000100                 AREA             HEAP, NOINIT, READWRITE, ALIGN=
3
   33 00000000         __heap_base
   34 00000000         Heap_Mem
                               SPACE            Heap_Size
   35 00000000         __heap_limit
   36 00000000         
   37 00000000         
   38 00000000                 PRESERVE8
   39 00000000                 THUMB
   40 00000000         
   41 00000000         
   42 00000000         ; Vector Table Mapped to Address 0 at Reset
   43 00000000                 IMPORT           BSP_IntHandlerDMA0
   44 00000000                 IMPORT           BSP_IntHandlerDMA1
   45 00000000                 IMPORT           BSP_IntHandlerDMA2
   46 00000000                 IMPORT           BSP_IntHandlerDMA3



ARM Macro Assembler    Page 2 


   47 00000000                 IMPORT           BSP_IntHandlerRSVD4
   48 00000000                 IMPORT           BSP_IntHandlerFTFA
   49 00000000                 IMPORT           BSP_IntHandlerLVD
   50 00000000                 IMPORT           BSP_IntHandlerLLWU
   51 00000000                 IMPORT           BSP_IntHandlerI2C0
   52 00000000                 IMPORT           BSP_IntHandlerI2C1
   53 00000000                 IMPORT           BSP_IntHandlerSPI0
   54 00000000                 IMPORT           BSP_IntHandlerSPI1
   55 00000000                 IMPORT           BSP_IntHandlerUART0_RX_TX
   56 00000000                 IMPORT           BSP_IntHandlerUART1_RX_TX
   57 00000000                 IMPORT           BSP_IntHandlerUART2_RX_TX
   58 00000000                 IMPORT           BSP_IntHandlerADC0
   59 00000000                 IMPORT           BSP_IntHandlerCMP0
   60 00000000                 IMPORT           BSP_IntHandlerTPM0
   61 00000000                 IMPORT           BSP_IntHandlerTPM1
   62 00000000                 IMPORT           BSP_IntHandlerTPM2
   63 00000000                 IMPORT           BSP_IntHandlerRTC_ALARM
   64 00000000                 IMPORT           BSP_IntHandlerRTC_SECONDS
   65 00000000                 IMPORT           BSP_IntHandlerPIT
   66 00000000                 IMPORT           BSP_IntHandlerI2S0
   67 00000000                 IMPORT           BSP_IntHandlerUSB_OTG
   68 00000000                 IMPORT           BSP_IntHandlerDAC0
   69 00000000                 IMPORT           BSP_IntHandlerTSI0
   70 00000000                 IMPORT           BSP_IntHandlerMCG
   71 00000000                 IMPORT           BSP_IntHandlerLPTMR0
   72 00000000                 IMPORT           BSP_IntHandlerSLCD
   73 00000000                 IMPORT           BSP_IntHandlerPORT_A
   74 00000000                 IMPORT           BSP_IntHandlerPORT_C_D
   75 00000000         
   76 00000000                 IMPORT           OS_CPU_PendSVHandler
   77 00000000                 IMPORT           OS_CPU_SysTickHandler
   78 00000000         
   79 00000000         
   80 00000000                 AREA             RESET, DATA, READONLY
   81 00000000                 EXPORT           __Vectors
   82 00000000                 EXPORT           __Vectors_End
   83 00000000                 EXPORT           __Vectors_Size
   84 00000000         
   85 00000000 00000000 
                       __Vectors
                               DCD              __initial_sp ; 000 Initial stac
                                                            k pointer.
   86 00000004 00000000        DCD              App_Reset_ISR ; 001 Initial pro
                                                            gram counter.
   87 00000008 00000000        DCD              App_NMI_ISR ; 002 Non-maskable 
                                                            interrupt.
   88 0000000C 00000000        DCD              App_Fault_ISR ; 003 Hard fault 
                                                            exception.
   89 00000010 00000000        DCD              App_Spurious_ISR ; 004 Reserved
                                                             interrupt 4.
   90 00000014 00000000        DCD              App_Spurious_ISR ; 005 Bus faul
                                                            t exception.
   91 00000018 00000000        DCD              App_Spurious_ISR ; 006 Usage fa
                                                            ult exception.
   92 0000001C 00000000        DCD              App_Spurious_ISR ; 007 Reserved
                                                             interrupt 7.
   93 00000020 00000000        DCD              App_Spurious_ISR ; 008 Reserved
                                                             interrupt 8.
   94 00000024 00000000        DCD              App_Spurious_ISR ; 009 Reserved



ARM Macro Assembler    Page 3 


                                                             interrupt 9.
   95 00000028 00000000        DCD              App_Spurious_ISR ; 010 Reserved
                                                             interrupt 10.
   96 0000002C 00000000        DCD              App_Spurious_ISR ; 011 A superv
                                                            isor call exception
                                                            .
   97 00000030 00000000        DCD              App_Spurious_ISR ; 012 Debug Mo
                                                            nitor.
   98 00000034 00000000        DCD              App_Spurious_ISR ; 013 Reserved
                                                             interrupt 13.
   99 00000038 00000000        DCD              OS_CPU_PendSVHandler ; 014 Pend
                                                            SV exception.
  100 0000003C 00000000        DCD              OS_CPU_SysTickHandler ; 015 Sys
                                                            Tick Interrupt.
  101 00000040         
  102 00000040         ; External Interrupts
  103 00000040 00000000        DCD              BSP_IntHandlerDMA0 ; 016 IRQ[  
                                                            0] DMA Channel  0 T
                                                            ransfer Complete.
  104 00000044 00000000        DCD              BSP_IntHandlerDMA1 ; 017 IRQ[  
                                                            1] DMA Channel 1 Tr
                                                            ansfer Complete
  105 00000048 00000000        DCD              BSP_IntHandlerDMA2 ; 018 IRQ[  
                                                            2] DMA Channel 2 Tr
                                                            ansfer Complete
  106 0000004C 00000000        DCD              BSP_IntHandlerDMA3 ; 019 IRQ[  
                                                            3] DMA Channel 3 Tr
                                                            ansfer Complete
  107 00000050 00000000        DCD              BSP_IntHandlerRSVD4
  108 00000054 00000000        DCD              BSP_IntHandlerFTFA ; 021 IRQ[  
                                                            5] Flash.
  109 00000058 00000000        DCD              BSP_IntHandlerLVD ; 022 IRQ[  6
                                                            ] Low voltage detec
                                                            t.
  110 0000005C 00000000        DCD              BSP_IntHandlerLLWU ; 023 IRQ[  
                                                            7] Low Leakage Wake
                                                            up
  111 00000060 00000000        DCD              BSP_IntHandlerI2C0 ; 024 IRQ[  
                                                            8] I2C0 interrupt
  112 00000064 00000000        DCD              BSP_IntHandlerI2C1 ; 025 IRQ[  
                                                            9] I2C1 interrupt
  113 00000068 00000000        DCD              BSP_IntHandlerSPI0 ; 026 IRQ[ 1
                                                            0] Single interrupt
                                                             vector for all sou
                                                            rces
  114 0000006C 00000000        DCD              BSP_IntHandlerSPI1 ; 027 IRQ[ 1
                                                            1] Single interrupt
                                                             vector for all sou
                                                            rces
  115 00000070 00000000        DCD              BSP_IntHandlerUART0_RX_TX ; 028
                                                             IRQ[ 12] UART0 Rec
                                                            eive/Transmit inter
                                                            rupt
  116 00000074 00000000        DCD              BSP_IntHandlerUART1_RX_TX ; 029
                                                             IRQ[ 13] UART1 Rec
                                                            eive/Transmit inter
                                                            rupt
  117 00000078 00000000        DCD              BSP_IntHandlerUART2_RX_TX ; 030
                                                             IRQ[ 14] UART2 Rec



ARM Macro Assembler    Page 4 


                                                            eive/Transmit inter
                                                            rupt
  118 0000007C 00000000        DCD              BSP_IntHandlerADC0 ; 031 IRQ[ 1
                                                            5] ADC0 interrupt
  119 00000080 00000000        DCD              BSP_IntHandlerCMP0 ; 032 IRQ[ 1
                                                            6] CMP0 interrupt
  120 00000084 00000000        DCD              BSP_IntHandlerTPM0 ; 033 IRQ[ 1
                                                            7] TPM0 interrupt
  121 00000088 00000000        DCD              BSP_IntHandlerTPM1 ; 034 IRQ[ 1
                                                            8] TPM1 interrupt
  122 0000008C 00000000        DCD              BSP_IntHandlerTPM2 ; 035 IRQ[ 1
                                                            9] TPM2 interrupt
  123 00000090 00000000        DCD              BSP_IntHandlerRTC_ALARM ; 036 I
                                                            RQ[ 20] RTC alarm i
                                                            nterrupt
  124 00000094 00000000        DCD              BSP_IntHandlerRTC_SECONDS ; 037
                                                             IRQ[ 21] RTC secon
                                                            ds interrupt
  125 00000098 00000000        DCD              BSP_IntHandlerPIT ; 038 IRQ[ 22
                                                            ] Single interrupt 
                                                            vector for all chan
                                                            nels
  126 0000009C 00000000        DCD              BSP_IntHandlerI2S0 ; 039 IRQ[ 2
                                                            3] Single interrupt
                                                             vector for all sou
                                                            rces
  127 000000A0 00000000        DCD              BSP_IntHandlerUSB_OTG ; 040 IRQ
                                                            [ 24] USB OTG inter
                                                            rupt
  128 000000A4 00000000        DCD              BSP_IntHandlerDAC0 ; 041 IRQ[ 2
                                                            5] DAC0 interrupt
  129 000000A8 00000000        DCD              BSP_IntHandlerTSI0 ; 042 IRQ[ 2
                                                            6] TSI0 interrupt
  130 000000AC 00000000        DCD              BSP_IntHandlerMCG ; 043 IRQ[ 27
                                                            ] MCG Interrupt
  131 000000B0 00000000        DCD              BSP_IntHandlerLPTMR0 ; 044 IRQ[
                                                             28] LPTMR0 interru
                                                            pt
  132 000000B4 00000000        DCD              BSP_IntHandlerSLCD ; 045 IRQ[ 2
                                                            9] LCD Controller i
                                                            nterrupt
  133 000000B8 00000000        DCD              BSP_IntHandlerPORT_A ; 046 IRQ[
                                                             30] Port A interru
                                                            pt
  134 000000BC 00000000        DCD              BSP_IntHandlerPORT_C_D ; 047 IR
                                                            Q[ 31] Single inter
                                                            rupt vector for Por
                                                            ts C & D
  135 000000C0         __Vectors_End
  136 000000C0         
  137 000000C0         
  138 000000C0 000000C0 
                       __Vectors_Size
                               EQU              __Vectors_End - __Vectors
  139 000000C0         
  140 000000C0         ; <h> Flash Configuration
  141 000000C0         ;   <i> 16-byte flash configuration field that stores de
                       fault protection settings (loaded on reset)
  142 000000C0         ;   <i> and security information that allows the MCU to 



ARM Macro Assembler    Page 5 


                       restrict acces to the FTFL module.
  143 000000C0         ;   <h> Backdoor Comparison Key
  144 000000C0         ;     <o0>  Backdoor Key 0  <0x0-0xFF:2>
  145 000000C0         ;     <o1>  Backdoor Key 1  <0x0-0xFF:2>
  146 000000C0         ;     <o2>  Backdoor Key 2  <0x0-0xFF:2>
  147 000000C0         ;     <o3>  Backdoor Key 3  <0x0-0xFF:2>
  148 000000C0         ;     <o4>  Backdoor Key 4  <0x0-0xFF:2>
  149 000000C0         ;     <o5>  Backdoor Key 5  <0x0-0xFF:2>
  150 000000C0         ;     <o6>  Backdoor Key 6  <0x0-0xFF:2>
  151 000000C0         ;     <o7>  Backdoor Key 7  <0x0-0xFF:2>
  152 000000C0 000000FF 
                       BackDoorK0
                               EQU              0xFF
  153 000000C0 000000FF 
                       BackDoorK1
                               EQU              0xFF
  154 000000C0 000000FF 
                       BackDoorK2
                               EQU              0xFF
  155 000000C0 000000FF 
                       BackDoorK3
                               EQU              0xFF
  156 000000C0 000000FF 
                       BackDoorK4
                               EQU              0xFF
  157 000000C0 000000FF 
                       BackDoorK5
                               EQU              0xFF
  158 000000C0 000000FF 
                       BackDoorK6
                               EQU              0xFF
  159 000000C0 000000FF 
                       BackDoorK7
                               EQU              0xFF
  160 000000C0         ;   </h>
  161 000000C0         ;   <h> Program flash protection bytes (FPROT)
  162 000000C0         ;     <i> Each program flash region can be protected fro
                       m program and erase operation by setting the associated 
                       PROT bit.
  163 000000C0         ;     <i> Each bit protects a 1/32 region of the program
                        flash memory.
  164 000000C0         ;     <h> FPROT0
  165 000000C0         ;       <i> Program flash protection bytes
  166 000000C0         ;       <i> 1/32 - 8/32 region
  167 000000C0         ;       <o.0>   FPROT0.0
  168 000000C0         ;       <o.1>   FPROT0.1
  169 000000C0         ;       <o.2>   FPROT0.2
  170 000000C0         ;       <o.3>   FPROT0.3
  171 000000C0         ;       <o.4>   FPROT0.4
  172 000000C0         ;       <o.5>   FPROT0.5
  173 000000C0         ;       <o.6>   FPROT0.6
  174 000000C0         ;       <o.7>   FPROT0.7
  175 000000C0 00000000 
                       nFPROT0 EQU              0x00
  176 000000C0 000000FF 
                       FPROT0  EQU              nFPROT0:EOR:0xFF
  177 000000C0         ;     </h>
  178 000000C0         ;     <h> FPROT1
  179 000000C0         ;       <i> Program Flash Region Protect Register 1



ARM Macro Assembler    Page 6 


  180 000000C0         ;       <i> 9/32 - 16/32 region
  181 000000C0         ;       <o.0>   FPROT1.0
  182 000000C0         ;       <o.1>   FPROT1.1
  183 000000C0         ;       <o.2>   FPROT1.2
  184 000000C0         ;       <o.3>   FPROT1.3
  185 000000C0         ;       <o.4>   FPROT1.4
  186 000000C0         ;       <o.5>   FPROT1.5
  187 000000C0         ;       <o.6>   FPROT1.6
  188 000000C0         ;       <o.7>   FPROT1.7
  189 000000C0 00000000 
                       nFPROT1 EQU              0x00
  190 000000C0 000000FF 
                       FPROT1  EQU              nFPROT1:EOR:0xFF
  191 000000C0         ;     </h>
  192 000000C0         ;     <h> FPROT2
  193 000000C0         ;       <i> Program Flash Region Protect Register 2
  194 000000C0         ;       <i> 17/32 - 24/32 region
  195 000000C0         ;       <o.0>   FPROT2.0
  196 000000C0         ;       <o.1>   FPROT2.1
  197 000000C0         ;       <o.2>   FPROT2.2
  198 000000C0         ;       <o.3>   FPROT2.3
  199 000000C0         ;       <o.4>   FPROT2.4
  200 000000C0         ;       <o.5>   FPROT2.5
  201 000000C0         ;       <o.6>   FPROT2.6
  202 000000C0         ;       <o.7>   FPROT2.7
  203 000000C0 00000000 
                       nFPROT2 EQU              0x00
  204 000000C0 000000FF 
                       FPROT2  EQU              nFPROT2:EOR:0xFF
  205 000000C0         ;     </h>
  206 000000C0         ;     <h> FPROT3
  207 000000C0         ;       <i> Program Flash Region Protect Register 3
  208 000000C0         ;       <i> 25/32 - 32/32 region
  209 000000C0         ;       <o.0>   FPROT3.0
  210 000000C0         ;       <o.1>   FPROT3.1
  211 000000C0         ;       <o.2>   FPROT3.2
  212 000000C0         ;       <o.3>   FPROT3.3
  213 000000C0         ;       <o.4>   FPROT3.4
  214 000000C0         ;       <o.5>   FPROT3.5
  215 000000C0         ;       <o.6>   FPROT3.6
  216 000000C0         ;       <o.7>   FPROT3.7
  217 000000C0 00000000 
                       nFPROT3 EQU              0x00
  218 000000C0 000000FF 
                       FPROT3  EQU              nFPROT3:EOR:0xFF
  219 000000C0         ;     </h>
  220 000000C0         ;   </h>
  221 000000C0         ;   </h>
  222 000000C0         ;   <h> Flash nonvolatile option byte (FOPT)
  223 000000C0         ;     <i> Allows the user to customize the operation of 
                       the MCU at boot time.
  224 000000C0         ;     <o.0>  LPBOOT0
  225 000000C0         ;       <0=> Core and system clock divider (OUTDIV1) is 
                       0x7 (divide by 8) or 0x3 (divide by 4)
  226 000000C0         ;       <1=> Core and system clock divider (OUTDIV1) is 
                       0x1 (divide by 2) or 0x0 (divide by 1)
  227 000000C0         ;     <o.4>  LPBOOT1
  228 000000C0         ;       <0=> Core and system clock divider (OUTDIV1) is 
                       0x7 (divide by 8) or 0x1 (divide by 2)



ARM Macro Assembler    Page 7 


  229 000000C0         ;       <1=> Core and system clock divider (OUTDIV1) is 
                       0x3 (divide by 4) or 0x0 (divide by 1)
  230 000000C0         ;     <o.2>  NMI_DIS
  231 000000C0         ;       <0=> NMI interrupts are always blocked
  232 000000C0         ;       <1=> NMI pin/interrupts reset default to enabled
                       
  233 000000C0         ;     <o.3>  RESET_PIN_CFG
  234 000000C0         ;       <0=> RESET pin is disabled following a POR and c
                       annot be enabled as RESET function
  235 000000C0         ;       <1=> RESET pin is dedicated
  236 000000C0         ;     <o.3>  FAST_INIT
  237 000000C0         ;       <0=> Slower initialization
  238 000000C0         ;       <1=> Fast Initialization
  239 000000C0 000000FF 
                       FOPT    EQU              0xFF
  240 000000C0         ;   </h>
  241 000000C0         ;   <h> Flash security byte (FSEC)
  242 000000C0         ;     <i> WARNING: If SEC field is configured as "MCU se
                       curity status is secure" and MEEN field is configured as
                        "Mass erase is disabled",
  243 000000C0         ;     <i> MCU's security status cannot be set back to un
                       secure state since Mass erase via the debugger is blocke
                       d !!!
  244 000000C0         ;     <o.0..1> SEC
  245 000000C0         ;       <2=> MCU security status is unsecure
  246 000000C0         ;       <3=> MCU security status is secure
  247 000000C0         ;         <i> Flash Security
  248 000000C0         ;         <i> This bits define the security state of the
                        MCU.
  249 000000C0         ;     <o.2..3> FSLACC
  250 000000C0         ;       <2=> Freescale factory access denied
  251 000000C0         ;       <3=> Freescale factory access granted
  252 000000C0         ;         <i> Freescale Failure Analysis Access Code
  253 000000C0         ;         <i> This bits define the security state of the
                        MCU.
  254 000000C0         ;     <o.4..5> MEEN
  255 000000C0         ;       <2=> Mass erase is disabled
  256 000000C0         ;       <3=> Mass erase is enabled
  257 000000C0         ;         <i> Mass Erase Enable Bits
  258 000000C0         ;         <i> Enables and disables mass erase capability
                        of the FTFL module
  259 000000C0         ;     <o.6..7> KEYEN
  260 000000C0         ;       <2=> Backdoor key access enabled
  261 000000C0         ;       <3=> Backdoor key access disabled
  262 000000C0         ;         <i> Backdoor key Security Enable
  263 000000C0         ;         <i> These bits enable and disable backdoor key
                        access to the FTFL module.
  264 000000C0 000000FE 
                       FSEC    EQU              0xFE
  265 000000C0         ;   </h>
  266 000000C0         
  267 000000C0                 IF               :LNOT::DEF:RAM_TARGET
  268 000000C0                 AREA             |.ARM.__at_0x400|, CODE, READON
LY
  269 00000000 FF FF FF 
              FF               DCB              BackDoorK0, BackDoorK1, BackDoo
rK2, BackDoorK3
  270 00000004 FF FF FF 
              FF               DCB              BackDoorK4, BackDoorK5, BackDoo



ARM Macro Assembler    Page 8 


rK6, BackDoorK7
  271 00000008 FF FF FF 
              FF               DCB              FPROT0,     FPROT1,     FPROT2,
     FPROT3
  272 0000000C FE FF FF 
              FF               DCB              FSEC,       FOPT,       0xFF,  
   0xFF
  273 00000010                 ENDIF
  274 00000010         
  275 00000010                 AREA             |.text|, CODE, READONLY
  276 00000000         
  277 00000000         
  278 00000000         ; Reset Handler
  279 00000000 40048100 
                       SIM_COPC
                               EQU              0x40048100
  280 00000000         
  281 00000000         App_Reset_ISR
                               PROC
  282 00000000                 EXPORT           App_Reset_ISR             [WEAK
]
  283 00000000                 IMPORT           __main
  284 00000000         
  285 00000000 2000            MOVS             R0, #0x00
  286 00000002 4906            LDR              R1, =SIM_COPC
  287 00000004 6008            STR              R0, [R1]    ; Disable the watch
                                                            dog timer.
  288 00000006         
  289 00000006 4806            LDR              R0, =__main
  290 00000008 4700            BX               R0
  291 0000000A                 ENDP
  292 0000000A         
  293 0000000A         
  294 0000000A         ; Dummy Exception Handlers (infinite loops which can be 
                       modified)
  295 0000000A         
  297 0000000A         App_NMI_ISR
                               PROC
  298 0000000A                 EXPORT           App_NMI_ISR               [WEAK
]
  299 0000000A E7FE            B                .
  300 0000000C                 ENDP
  302 0000000C         App_Fault_ISR
                               PROC
  303 0000000C                 EXPORT           App_Fault_ISR             [WEAK
]
  304 0000000C E7FE            B                .
  305 0000000E                 ENDP
  307 0000000E         App_Spurious_ISR
                               PROC
  308 0000000E                 EXPORT           App_Spurious_ISR          [WEAK
]
  309 0000000E E7FE            B                .
  310 00000010                 ENDP
  311 00000010         
  312 00000010         
  313 00000010         
  314 00000010         ; User Initial Stack & Heap
  315 00000010         



ARM Macro Assembler    Page 9 


  316 00000010                 IF               :DEF:__MICROLIB
  323 00000010         
  324 00000010                 IMPORT           __use_two_region_memory
  325 00000010                 EXPORT           __user_initial_stackheap
  326 00000010         __user_initial_stackheap
  327 00000010         
  328 00000010 4804            LDR              R0, =  Heap_Mem
  329 00000012 4905            LDR              R1, =(Stack_Mem + Stack_Size)
  330 00000014 4A03            LDR              R2, = (Heap_Mem +  Heap_Size)
  331 00000016 4B05            LDR              R3, = Stack_Mem
  332 00000018 4770            BX               LR
  333 0000001A         
  334 0000001A 00 00           ALIGN
  335 0000001C         
  336 0000001C                 ENDIF
  337 0000001C         
  338 0000001C         
  339 0000001C                 END
              40048100 
              00000000 
              00000000 
              00000100 
              00000000 
Command Line: --debug --xref --diag_suppress=9931 --cpu=Cortex-M0+ --apcs=inter
work --depend=.\output\cstartup.d -o.\output\cstartup.o -I"F:\MyFiles\learning\
KL46\Micrium_FRDM-KL46Z_QSP\Source\Micrium\Examples\Freescale\FRDM-KL46Z\OS3\Ke
il MDK\RTE" -ID:\Keil_v5\ARM\PACK\ARM\CMSIS\4.3.0\CMSIS\Include -ID:\Keil_v5\AR
M\PACK\ARM\CMSIS\4.3.0\Device\ARM\ARMCM0plus\Include --predefine="__EVAL SETA 1
" --predefine="__UVISION_VERSION SETA 515" --predefine="_RTE_ SETA 1" --predefi
ne="ARMCM0P SETA 1" --list=.\cstartup.lst ..\..\BSP\KeilMDK\cstartup.s



ARM Macro Assembler    Page 1 Alphabetic symbol ordering
Relocatable symbols

STACK 00000000

Symbol: STACK
   Definitions
      At line 21 in file ..\..\BSP\KeilMDK\cstartup.s
   Uses
      None
Comment: STACK unused
Stack_Mem 00000000

Symbol: Stack_Mem
   Definitions
      At line 22 in file ..\..\BSP\KeilMDK\cstartup.s
   Uses
      At line 329 in file ..\..\BSP\KeilMDK\cstartup.s
      At line 331 in file ..\..\BSP\KeilMDK\cstartup.s

__initial_sp 00000100

Symbol: __initial_sp
   Definitions
      At line 23 in file ..\..\BSP\KeilMDK\cstartup.s
   Uses
      At line 85 in file ..\..\BSP\KeilMDK\cstartup.s
Comment: __initial_sp used once
3 symbols



ARM Macro Assembler    Page 1 Alphabetic symbol ordering
Relocatable symbols

HEAP 00000000

Symbol: HEAP
   Definitions
      At line 32 in file ..\..\BSP\KeilMDK\cstartup.s
   Uses
      None
Comment: HEAP unused
Heap_Mem 00000000

Symbol: Heap_Mem
   Definitions
      At line 34 in file ..\..\BSP\KeilMDK\cstartup.s
   Uses
      At line 328 in file ..\..\BSP\KeilMDK\cstartup.s
      At line 330 in file ..\..\BSP\KeilMDK\cstartup.s

__heap_base 00000000

Symbol: __heap_base
   Definitions
      At line 33 in file ..\..\BSP\KeilMDK\cstartup.s
   Uses
      None
Comment: __heap_base unused
__heap_limit 00000000

Symbol: __heap_limit
   Definitions
      At line 35 in file ..\..\BSP\KeilMDK\cstartup.s
   Uses
      None
Comment: __heap_limit unused
4 symbols



ARM Macro Assembler    Page 1 Alphabetic symbol ordering
Relocatable symbols

RESET 00000000

Symbol: RESET
   Definitions
      At line 80 in file ..\..\BSP\KeilMDK\cstartup.s
   Uses
      None
Comment: RESET unused
__Vectors 00000000

Symbol: __Vectors
   Definitions
      At line 85 in file ..\..\BSP\KeilMDK\cstartup.s
   Uses
      At line 81 in file ..\..\BSP\KeilMDK\cstartup.s
      At line 138 in file ..\..\BSP\KeilMDK\cstartup.s

__Vectors_End 000000C0

Symbol: __Vectors_End
   Definitions
      At line 135 in file ..\..\BSP\KeilMDK\cstartup.s
   Uses
      At line 82 in file ..\..\BSP\KeilMDK\cstartup.s
      At line 138 in file ..\..\BSP\KeilMDK\cstartup.s

3 symbols



ARM Macro Assembler    Page 1 Alphabetic symbol ordering
Relocatable symbols

.ARM.__at_0x400 00000000

Symbol: .ARM.__at_0x400
   Definitions
      At line 268 in file ..\..\BSP\KeilMDK\cstartup.s
   Uses
      None
Comment: .ARM.__at_0x400 unused
1 symbol



ARM Macro Assembler    Page 1 Alphabetic symbol ordering
Relocatable symbols

.text 00000000

Symbol: .text
   Definitions
      At line 275 in file ..\..\BSP\KeilMDK\cstartup.s
   Uses
      None
Comment: .text unused
App_Fault_ISR 0000000C

Symbol: App_Fault_ISR
   Definitions
      At line 302 in file ..\..\BSP\KeilMDK\cstartup.s
   Uses
      At line 88 in file ..\..\BSP\KeilMDK\cstartup.s
      At line 303 in file ..\..\BSP\KeilMDK\cstartup.s

App_NMI_ISR 0000000A

Symbol: App_NMI_ISR
   Definitions
      At line 297 in file ..\..\BSP\KeilMDK\cstartup.s
   Uses
      At line 87 in file ..\..\BSP\KeilMDK\cstartup.s
      At line 298 in file ..\..\BSP\KeilMDK\cstartup.s

App_Reset_ISR 00000000

Symbol: App_Reset_ISR
   Definitions
      At line 281 in file ..\..\BSP\KeilMDK\cstartup.s
   Uses
      At line 86 in file ..\..\BSP\KeilMDK\cstartup.s
      At line 282 in file ..\..\BSP\KeilMDK\cstartup.s

App_Spurious_ISR 0000000E

Symbol: App_Spurious_ISR
   Definitions
      At line 307 in file ..\..\BSP\KeilMDK\cstartup.s
   Uses
      At line 89 in file ..\..\BSP\KeilMDK\cstartup.s
      At line 90 in file ..\..\BSP\KeilMDK\cstartup.s
      At line 91 in file ..\..\BSP\KeilMDK\cstartup.s
      At line 92 in file ..\..\BSP\KeilMDK\cstartup.s
      At line 93 in file ..\..\BSP\KeilMDK\cstartup.s
      At line 94 in file ..\..\BSP\KeilMDK\cstartup.s
      At line 95 in file ..\..\BSP\KeilMDK\cstartup.s
      At line 96 in file ..\..\BSP\KeilMDK\cstartup.s
      At line 97 in file ..\..\BSP\KeilMDK\cstartup.s
      At line 98 in file ..\..\BSP\KeilMDK\cstartup.s
      At line 308 in file ..\..\BSP\KeilMDK\cstartup.s

__user_initial_stackheap 00000010

Symbol: __user_initial_stackheap
   Definitions
      At line 326 in file ..\..\BSP\KeilMDK\cstartup.s
   Uses



ARM Macro Assembler    Page 2 Alphabetic symbol ordering
Relocatable symbols

      At line 325 in file ..\..\BSP\KeilMDK\cstartup.s
Comment: __user_initial_stackheap used once
6 symbols



ARM Macro Assembler    Page 1 Alphabetic symbol ordering
Absolute symbols

BackDoorK0 000000FF

Symbol: BackDoorK0
   Definitions
      At line 152 in file ..\..\BSP\KeilMDK\cstartup.s
   Uses
      At line 269 in file ..\..\BSP\KeilMDK\cstartup.s
Comment: BackDoorK0 used once
BackDoorK1 000000FF

Symbol: BackDoorK1
   Definitions
      At line 153 in file ..\..\BSP\KeilMDK\cstartup.s
   Uses
      At line 269 in file ..\..\BSP\KeilMDK\cstartup.s
Comment: BackDoorK1 used once
BackDoorK2 000000FF

Symbol: BackDoorK2
   Definitions
      At line 154 in file ..\..\BSP\KeilMDK\cstartup.s
   Uses
      At line 269 in file ..\..\BSP\KeilMDK\cstartup.s
Comment: BackDoorK2 used once
BackDoorK3 000000FF

Symbol: BackDoorK3
   Definitions
      At line 155 in file ..\..\BSP\KeilMDK\cstartup.s
   Uses
      At line 269 in file ..\..\BSP\KeilMDK\cstartup.s
Comment: BackDoorK3 used once
BackDoorK4 000000FF

Symbol: BackDoorK4
   Definitions
      At line 156 in file ..\..\BSP\KeilMDK\cstartup.s
   Uses
      At line 270 in file ..\..\BSP\KeilMDK\cstartup.s
Comment: BackDoorK4 used once
BackDoorK5 000000FF

Symbol: BackDoorK5
   Definitions
      At line 157 in file ..\..\BSP\KeilMDK\cstartup.s
   Uses
      At line 270 in file ..\..\BSP\KeilMDK\cstartup.s
Comment: BackDoorK5 used once
BackDoorK6 000000FF

Symbol: BackDoorK6
   Definitions
      At line 158 in file ..\..\BSP\KeilMDK\cstartup.s
   Uses
      At line 270 in file ..\..\BSP\KeilMDK\cstartup.s
Comment: BackDoorK6 used once
BackDoorK7 000000FF

Symbol: BackDoorK7



ARM Macro Assembler    Page 2 Alphabetic symbol ordering
Absolute symbols

   Definitions
      At line 159 in file ..\..\BSP\KeilMDK\cstartup.s
   Uses
      At line 270 in file ..\..\BSP\KeilMDK\cstartup.s
Comment: BackDoorK7 used once
FOPT 000000FF

Symbol: FOPT
   Definitions
      At line 239 in file ..\..\BSP\KeilMDK\cstartup.s
   Uses
      At line 272 in file ..\..\BSP\KeilMDK\cstartup.s
Comment: FOPT used once
FPROT0 000000FF

Symbol: FPROT0
   Definitions
      At line 176 in file ..\..\BSP\KeilMDK\cstartup.s
   Uses
      At line 271 in file ..\..\BSP\KeilMDK\cstartup.s
Comment: FPROT0 used once
FPROT1 000000FF

Symbol: FPROT1
   Definitions
      At line 190 in file ..\..\BSP\KeilMDK\cstartup.s
   Uses
      At line 271 in file ..\..\BSP\KeilMDK\cstartup.s
Comment: FPROT1 used once
FPROT2 000000FF

Symbol: FPROT2
   Definitions
      At line 204 in file ..\..\BSP\KeilMDK\cstartup.s
   Uses
      At line 271 in file ..\..\BSP\KeilMDK\cstartup.s
Comment: FPROT2 used once
FPROT3 000000FF

Symbol: FPROT3
   Definitions
      At line 218 in file ..\..\BSP\KeilMDK\cstartup.s
   Uses
      At line 271 in file ..\..\BSP\KeilMDK\cstartup.s
Comment: FPROT3 used once
FSEC 000000FE

Symbol: FSEC
   Definitions
      At line 264 in file ..\..\BSP\KeilMDK\cstartup.s
   Uses
      At line 272 in file ..\..\BSP\KeilMDK\cstartup.s
Comment: FSEC used once
Heap_Size 00000000

Symbol: Heap_Size
   Definitions
      At line 30 in file ..\..\BSP\KeilMDK\cstartup.s
   Uses



ARM Macro Assembler    Page 3 Alphabetic symbol ordering
Absolute symbols

      At line 34 in file ..\..\BSP\KeilMDK\cstartup.s
      At line 330 in file ..\..\BSP\KeilMDK\cstartup.s

SIM_COPC 40048100

Symbol: SIM_COPC
   Definitions
      At line 279 in file ..\..\BSP\KeilMDK\cstartup.s
   Uses
      At line 286 in file ..\..\BSP\KeilMDK\cstartup.s
Comment: SIM_COPC used once
Stack_Size 00000100

Symbol: Stack_Size
   Definitions
      At line 19 in file ..\..\BSP\KeilMDK\cstartup.s
   Uses
      At line 22 in file ..\..\BSP\KeilMDK\cstartup.s
      At line 329 in file ..\..\BSP\KeilMDK\cstartup.s

__Vectors_Size 000000C0

Symbol: __Vectors_Size
   Definitions
      At line 138 in file ..\..\BSP\KeilMDK\cstartup.s
   Uses
      At line 83 in file ..\..\BSP\KeilMDK\cstartup.s
Comment: __Vectors_Size used once
nFPROT0 00000000

Symbol: nFPROT0
   Definitions
      At line 175 in file ..\..\BSP\KeilMDK\cstartup.s
   Uses
      At line 176 in file ..\..\BSP\KeilMDK\cstartup.s
Comment: nFPROT0 used once
nFPROT1 00000000

Symbol: nFPROT1
   Definitions
      At line 189 in file ..\..\BSP\KeilMDK\cstartup.s
   Uses
      At line 190 in file ..\..\BSP\KeilMDK\cstartup.s
Comment: nFPROT1 used once
nFPROT2 00000000

Symbol: nFPROT2
   Definitions
      At line 203 in file ..\..\BSP\KeilMDK\cstartup.s
   Uses
      At line 204 in file ..\..\BSP\KeilMDK\cstartup.s
Comment: nFPROT2 used once
nFPROT3 00000000

Symbol: nFPROT3
   Definitions
      At line 217 in file ..\..\BSP\KeilMDK\cstartup.s
   Uses
      At line 218 in file ..\..\BSP\KeilMDK\cstartup.s



ARM Macro Assembler    Page 4 Alphabetic symbol ordering
Absolute symbols

Comment: nFPROT3 used once
22 symbols



ARM Macro Assembler    Page 1 Alphabetic symbol ordering
External symbols

BSP_IntHandlerADC0 00000000

Symbol: BSP_IntHandlerADC0
   Definitions
      At line 58 in file ..\..\BSP\KeilMDK\cstartup.s
   Uses
      At line 118 in file ..\..\BSP\KeilMDK\cstartup.s
Comment: BSP_IntHandlerADC0 used once
BSP_IntHandlerCMP0 00000000

Symbol: BSP_IntHandlerCMP0
   Definitions
      At line 59 in file ..\..\BSP\KeilMDK\cstartup.s
   Uses
      At line 119 in file ..\..\BSP\KeilMDK\cstartup.s
Comment: BSP_IntHandlerCMP0 used once
BSP_IntHandlerDAC0 00000000

Symbol: BSP_IntHandlerDAC0
   Definitions
      At line 68 in file ..\..\BSP\KeilMDK\cstartup.s
   Uses
      At line 128 in file ..\..\BSP\KeilMDK\cstartup.s
Comment: BSP_IntHandlerDAC0 used once
BSP_IntHandlerDMA0 00000000

Symbol: BSP_IntHandlerDMA0
   Definitions
      At line 43 in file ..\..\BSP\KeilMDK\cstartup.s
   Uses
      At line 103 in file ..\..\BSP\KeilMDK\cstartup.s
Comment: BSP_IntHandlerDMA0 used once
BSP_IntHandlerDMA1 00000000

Symbol: BSP_IntHandlerDMA1
   Definitions
      At line 44 in file ..\..\BSP\KeilMDK\cstartup.s
   Uses
      At line 104 in file ..\..\BSP\KeilMDK\cstartup.s
Comment: BSP_IntHandlerDMA1 used once
BSP_IntHandlerDMA2 00000000

Symbol: BSP_IntHandlerDMA2
   Definitions
      At line 45 in file ..\..\BSP\KeilMDK\cstartup.s
   Uses
      At line 105 in file ..\..\BSP\KeilMDK\cstartup.s
Comment: BSP_IntHandlerDMA2 used once
BSP_IntHandlerDMA3 00000000

Symbol: BSP_IntHandlerDMA3
   Definitions
      At line 46 in file ..\..\BSP\KeilMDK\cstartup.s
   Uses
      At line 106 in file ..\..\BSP\KeilMDK\cstartup.s
Comment: BSP_IntHandlerDMA3 used once
BSP_IntHandlerFTFA 00000000

Symbol: BSP_IntHandlerFTFA



ARM Macro Assembler    Page 2 Alphabetic symbol ordering
External symbols

   Definitions
      At line 48 in file ..\..\BSP\KeilMDK\cstartup.s
   Uses
      At line 108 in file ..\..\BSP\KeilMDK\cstartup.s
Comment: BSP_IntHandlerFTFA used once
BSP_IntHandlerI2C0 00000000

Symbol: BSP_IntHandlerI2C0
   Definitions
      At line 51 in file ..\..\BSP\KeilMDK\cstartup.s
   Uses
      At line 111 in file ..\..\BSP\KeilMDK\cstartup.s
Comment: BSP_IntHandlerI2C0 used once
BSP_IntHandlerI2C1 00000000

Symbol: BSP_IntHandlerI2C1
   Definitions
      At line 52 in file ..\..\BSP\KeilMDK\cstartup.s
   Uses
      At line 112 in file ..\..\BSP\KeilMDK\cstartup.s
Comment: BSP_IntHandlerI2C1 used once
BSP_IntHandlerI2S0 00000000

Symbol: BSP_IntHandlerI2S0
   Definitions
      At line 66 in file ..\..\BSP\KeilMDK\cstartup.s
   Uses
      At line 126 in file ..\..\BSP\KeilMDK\cstartup.s
Comment: BSP_IntHandlerI2S0 used once
BSP_IntHandlerLLWU 00000000

Symbol: BSP_IntHandlerLLWU
   Definitions
      At line 50 in file ..\..\BSP\KeilMDK\cstartup.s
   Uses
      At line 110 in file ..\..\BSP\KeilMDK\cstartup.s
Comment: BSP_IntHandlerLLWU used once
BSP_IntHandlerLPTMR0 00000000

Symbol: BSP_IntHandlerLPTMR0
   Definitions
      At line 71 in file ..\..\BSP\KeilMDK\cstartup.s
   Uses
      At line 131 in file ..\..\BSP\KeilMDK\cstartup.s
Comment: BSP_IntHandlerLPTMR0 used once
BSP_IntHandlerLVD 00000000

Symbol: BSP_IntHandlerLVD
   Definitions
      At line 49 in file ..\..\BSP\KeilMDK\cstartup.s
   Uses
      At line 109 in file ..\..\BSP\KeilMDK\cstartup.s
Comment: BSP_IntHandlerLVD used once
BSP_IntHandlerMCG 00000000

Symbol: BSP_IntHandlerMCG
   Definitions
      At line 70 in file ..\..\BSP\KeilMDK\cstartup.s
   Uses



ARM Macro Assembler    Page 3 Alphabetic symbol ordering
External symbols

      At line 130 in file ..\..\BSP\KeilMDK\cstartup.s
Comment: BSP_IntHandlerMCG used once
BSP_IntHandlerPIT 00000000

Symbol: BSP_IntHandlerPIT
   Definitions
      At line 65 in file ..\..\BSP\KeilMDK\cstartup.s
   Uses
      At line 125 in file ..\..\BSP\KeilMDK\cstartup.s
Comment: BSP_IntHandlerPIT used once
BSP_IntHandlerPORT_A 00000000

Symbol: BSP_IntHandlerPORT_A
   Definitions
      At line 73 in file ..\..\BSP\KeilMDK\cstartup.s
   Uses
      At line 133 in file ..\..\BSP\KeilMDK\cstartup.s
Comment: BSP_IntHandlerPORT_A used once
BSP_IntHandlerPORT_C_D 00000000

Symbol: BSP_IntHandlerPORT_C_D
   Definitions
      At line 74 in file ..\..\BSP\KeilMDK\cstartup.s
   Uses
      At line 134 in file ..\..\BSP\KeilMDK\cstartup.s
Comment: BSP_IntHandlerPORT_C_D used once
BSP_IntHandlerRSVD4 00000000

Symbol: BSP_IntHandlerRSVD4
   Definitions
      At line 47 in file ..\..\BSP\KeilMDK\cstartup.s
   Uses
      At line 107 in file ..\..\BSP\KeilMDK\cstartup.s
Comment: BSP_IntHandlerRSVD4 used once
BSP_IntHandlerRTC_ALARM 00000000

Symbol: BSP_IntHandlerRTC_ALARM
   Definitions
      At line 63 in file ..\..\BSP\KeilMDK\cstartup.s
   Uses
      At line 123 in file ..\..\BSP\KeilMDK\cstartup.s
Comment: BSP_IntHandlerRTC_ALARM used once
BSP_IntHandlerRTC_SECONDS 00000000

Symbol: BSP_IntHandlerRTC_SECONDS
   Definitions
      At line 64 in file ..\..\BSP\KeilMDK\cstartup.s
   Uses
      At line 124 in file ..\..\BSP\KeilMDK\cstartup.s
Comment: BSP_IntHandlerRTC_SECONDS used once
BSP_IntHandlerSLCD 00000000

Symbol: BSP_IntHandlerSLCD
   Definitions
      At line 72 in file ..\..\BSP\KeilMDK\cstartup.s
   Uses
      At line 132 in file ..\..\BSP\KeilMDK\cstartup.s
Comment: BSP_IntHandlerSLCD used once
BSP_IntHandlerSPI0 00000000



ARM Macro Assembler    Page 4 Alphabetic symbol ordering
External symbols


Symbol: BSP_IntHandlerSPI0
   Definitions
      At line 53 in file ..\..\BSP\KeilMDK\cstartup.s
   Uses
      At line 113 in file ..\..\BSP\KeilMDK\cstartup.s
Comment: BSP_IntHandlerSPI0 used once
BSP_IntHandlerSPI1 00000000

Symbol: BSP_IntHandlerSPI1
   Definitions
      At line 54 in file ..\..\BSP\KeilMDK\cstartup.s
   Uses
      At line 114 in file ..\..\BSP\KeilMDK\cstartup.s
Comment: BSP_IntHandlerSPI1 used once
BSP_IntHandlerTPM0 00000000

Symbol: BSP_IntHandlerTPM0
   Definitions
      At line 60 in file ..\..\BSP\KeilMDK\cstartup.s
   Uses
      At line 120 in file ..\..\BSP\KeilMDK\cstartup.s
Comment: BSP_IntHandlerTPM0 used once
BSP_IntHandlerTPM1 00000000

Symbol: BSP_IntHandlerTPM1
   Definitions
      At line 61 in file ..\..\BSP\KeilMDK\cstartup.s
   Uses
      At line 121 in file ..\..\BSP\KeilMDK\cstartup.s
Comment: BSP_IntHandlerTPM1 used once
BSP_IntHandlerTPM2 00000000

Symbol: BSP_IntHandlerTPM2
   Definitions
      At line 62 in file ..\..\BSP\KeilMDK\cstartup.s
   Uses
      At line 122 in file ..\..\BSP\KeilMDK\cstartup.s
Comment: BSP_IntHandlerTPM2 used once
BSP_IntHandlerTSI0 00000000

Symbol: BSP_IntHandlerTSI0
   Definitions
      At line 69 in file ..\..\BSP\KeilMDK\cstartup.s
   Uses
      At line 129 in file ..\..\BSP\KeilMDK\cstartup.s
Comment: BSP_IntHandlerTSI0 used once
BSP_IntHandlerUART0_RX_TX 00000000

Symbol: BSP_IntHandlerUART0_RX_TX
   Definitions
      At line 55 in file ..\..\BSP\KeilMDK\cstartup.s
   Uses
      At line 115 in file ..\..\BSP\KeilMDK\cstartup.s
Comment: BSP_IntHandlerUART0_RX_TX used once
BSP_IntHandlerUART1_RX_TX 00000000

Symbol: BSP_IntHandlerUART1_RX_TX
   Definitions



ARM Macro Assembler    Page 5 Alphabetic symbol ordering
External symbols

      At line 56 in file ..\..\BSP\KeilMDK\cstartup.s
   Uses
      At line 116 in file ..\..\BSP\KeilMDK\cstartup.s
Comment: BSP_IntHandlerUART1_RX_TX used once
BSP_IntHandlerUART2_RX_TX 00000000

Symbol: BSP_IntHandlerUART2_RX_TX
   Definitions
      At line 57 in file ..\..\BSP\KeilMDK\cstartup.s
   Uses
      At line 117 in file ..\..\BSP\KeilMDK\cstartup.s
Comment: BSP_IntHandlerUART2_RX_TX used once
BSP_IntHandlerUSB_OTG 00000000

Symbol: BSP_IntHandlerUSB_OTG
   Definitions
      At line 67 in file ..\..\BSP\KeilMDK\cstartup.s
   Uses
      At line 127 in file ..\..\BSP\KeilMDK\cstartup.s
Comment: BSP_IntHandlerUSB_OTG used once
OS_CPU_PendSVHandler 00000000

Symbol: OS_CPU_PendSVHandler
   Definitions
      At line 76 in file ..\..\BSP\KeilMDK\cstartup.s
   Uses
      At line 99 in file ..\..\BSP\KeilMDK\cstartup.s
Comment: OS_CPU_PendSVHandler used once
OS_CPU_SysTickHandler 00000000

Symbol: OS_CPU_SysTickHandler
   Definitions
      At line 77 in file ..\..\BSP\KeilMDK\cstartup.s
   Uses
      At line 100 in file ..\..\BSP\KeilMDK\cstartup.s
Comment: OS_CPU_SysTickHandler used once
__main 00000000

Symbol: __main
   Definitions
      At line 283 in file ..\..\BSP\KeilMDK\cstartup.s
   Uses
      At line 289 in file ..\..\BSP\KeilMDK\cstartup.s
Comment: __main used once
__use_two_region_memory 00000000

Symbol: __use_two_region_memory
   Definitions
      At line 324 in file ..\..\BSP\KeilMDK\cstartup.s
   Uses
      None
Comment: __use_two_region_memory unused
36 symbols
415 symbols in table
